Mar 21, 2018 10:50:12 AM airport.AirportLog log
INFO: Check In Desk 0 opening
Mar 21, 2018 10:50:12 AM airport.AirportLog log
INFO: Check In Desk 1 opening
Mar 21, 2018 10:50:12 AM airport.AirportLog log
INFO: Passenger joined queue ariel mermaid
Mar 21, 2018 10:50:12 AM airport.AirportLog log
INFO: Passenger checked in ariel mermaid
Mar 21, 2018 10:50:12 AM airport.AirportLog log
INFO: Passenger joined queue iron man
Mar 21, 2018 10:50:12 AM airport.AirportLog log
INFO: ariel mermaid boarding flight: LG1254
Mar 21, 2018 10:50:12 AM airport.AirportLog log
INFO: Passenger checked in iron man
Mar 21, 2018 10:50:12 AM airport.AirportLog log
INFO: Passenger joined queue george walker
Mar 21, 2018 10:50:12 AM airport.AirportLog log
INFO: iron man boarding flight: LG1254
Mar 21, 2018 10:50:13 AM airport.AirportLog log
INFO: Passenger joined queue angus cameron
Mar 21, 2018 10:50:13 AM airport.AirportLog log
INFO: Passenger joined queue andy vickers
Mar 21, 2018 10:50:13 AM airport.AirportLog log
INFO: Passenger checked in george walker
Mar 21, 2018 10:50:13 AM airport.AirportLog log
INFO: Passenger joined queue andrew patterson
Mar 21, 2018 10:50:13 AM airport.AirportLog log
INFO: george walker boarding flight: LG2212
Mar 21, 2018 10:50:13 AM airport.AirportLog log
INFO: Flight Departing: LG1254
Mar 21, 2018 10:50:13 AM airport.AirportLog log
INFO: Passenger checked in angus cameron
Mar 21, 2018 10:50:14 AM airport.AirportLog log
INFO: Passenger joined queue Yola Jones
Mar 21, 2018 10:50:14 AM airport.AirportLog log
INFO: angus cameron missed flight: LG1254
Mar 21, 2018 10:50:14 AM airport.AirportLog log
INFO: Passenger checked in andy vickers
Mar 21, 2018 10:50:14 AM airport.AirportLog log
INFO: Passenger joined queue rick sanchez
Mar 21, 2018 10:50:14 AM airport.AirportLog log
INFO: andy vickers boarding flight: AB1234
Mar 21, 2018 10:50:14 AM airport.AirportLog log
INFO: Passenger checked in andrew patterson
Mar 21, 2018 10:50:14 AM airport.AirportLog log
INFO: Passenger joined queue martin greer
Mar 21, 2018 10:50:14 AM airport.AirportLog log
INFO: andrew patterson boarding flight: LG2212
Mar 21, 2018 10:50:15 AM airport.AirportLog log
INFO: Passenger checked in Yola Jones
Mar 21, 2018 10:50:15 AM airport.AirportLog log
INFO: Passenger joined queue craig hamilton
Mar 21, 2018 10:50:15 AM airport.AirportLog log
INFO: Yola Jones missed flight: LG1254
Mar 21, 2018 10:50:15 AM airport.AirportLog log
INFO: Passenger checked in rick sanchez
Mar 21, 2018 10:50:15 AM airport.AirportLog log
INFO: Passenger joined queue callum thompson
Mar 21, 2018 10:50:15 AM airport.AirportLog log
INFO: rick sanchez missed flight: LG1254
Mar 21, 2018 10:50:15 AM airport.AirportLog log
INFO: Passenger checked in martin greer
Mar 21, 2018 10:50:16 AM airport.AirportLog log
INFO: Passenger checked in craig hamilton
Mar 21, 2018 10:50:16 AM airport.AirportLog log
INFO: martin greer boarding flight: AB1234
Mar 21, 2018 10:50:16 AM airport.AirportLog log
INFO: Passenger checked in callum thompson
Mar 21, 2018 10:50:16 AM airport.AirportLog log
INFO: craig hamilton boarding flight: LG2212
Mar 21, 2018 10:50:16 AM airport.AirportLog log
INFO: callum thompson boarding flight: AB1234
Mar 21, 2018 10:50:17 AM airport.AirportLog log
INFO: Flight Departing: LG2212
Mar 21, 2018 10:50:17 AM airport.AirportLog log
INFO: Flight Departing: AB1234
