Mar 26, 2018 9:14:22 AM airport.AirportLog log
INFO: Check In Desk 0 opening
Mar 26, 2018 9:14:22 AM airport.AirportLog log
INFO: Check In Desk 1 opening
Mar 26, 2018 9:14:22 AM airport.AirportLog log
INFO: Passenger joined queue ariel mermaid
Mar 26, 2018 9:14:22 AM airport.AirportLog log
INFO: Passenger joined queue iron man
Mar 26, 2018 9:14:22 AM airport.AirportLog log
INFO: Passenger checked in ariel mermaid
Mar 26, 2018 9:14:22 AM airport.AirportLog log
INFO: Passenger joined queue george walker
Mar 26, 2018 9:14:22 AM airport.AirportLog log
INFO: ariel mermaid boarding flight: LG1254
Mar 26, 2018 9:14:22 AM airport.AirportLog log
INFO: Passenger joined queue angus cameron
Mar 26, 2018 9:14:23 AM airport.AirportLog log
INFO: Passenger joined queue andy vickers
Mar 26, 2018 9:14:23 AM airport.AirportLog log
INFO: Passenger joined queue andrew patterson
Mar 26, 2018 9:14:23 AM airport.AirportLog log
INFO: Passenger checked in iron man
Mar 26, 2018 9:14:23 AM airport.AirportLog log
INFO: Passenger joined queue Yola Jones
Mar 26, 2018 9:14:23 AM airport.AirportLog log
INFO: iron man boarding flight: LG1254
Mar 26, 2018 9:14:24 AM airport.AirportLog log
INFO: Passenger checked in george walker
Mar 26, 2018 9:14:24 AM airport.AirportLog log
INFO: Passenger joined queue rick sanchez
Mar 26, 2018 9:14:24 AM airport.AirportLog log
INFO: george walker boarding flight: LG2212
Mar 26, 2018 9:14:24 AM airport.AirportLog log
INFO: Passenger checked in angus cameron
Mar 26, 2018 9:14:24 AM airport.AirportLog log
INFO: Passenger joined queue martin greer
Mar 26, 2018 9:14:24 AM airport.AirportLog log
INFO: angus cameron boarding flight: LG1254
Mar 26, 2018 9:14:24 AM airport.AirportLog log
INFO: Passenger joined queue craig hamilton
Mar 26, 2018 9:14:25 AM airport.AirportLog log
INFO: Passenger checked in andy vickers
Mar 26, 2018 9:14:25 AM airport.AirportLog log
INFO: Flight Departing: LG2212
Mar 26, 2018 9:14:25 AM airport.AirportLog log
INFO: Passenger joined queue callum thompson
Mar 26, 2018 9:14:25 AM airport.AirportLog log
INFO: andy vickers boarding flight: AB1234
Mar 26, 2018 9:14:25 AM airport.AirportLog log
INFO: Passenger checked in andrew patterson
Mar 26, 2018 9:14:25 AM airport.AirportLog log
INFO: Passenger checked in Yola Jones
Mar 26, 2018 9:14:25 AM airport.AirportLog log
INFO: andrew patterson missed flight: LG2212
Mar 26, 2018 9:14:25 AM airport.AirportLog log
INFO: Passenger checked in rick sanchez
Mar 26, 2018 9:14:25 AM airport.AirportLog log
INFO: Yola Jones boarding flight: LG1254
Mar 26, 2018 9:14:26 AM airport.AirportLog log
INFO: Passenger checked in martin greer
Mar 26, 2018 9:14:26 AM airport.AirportLog log
INFO: rick sanchez boarding flight: LG1254
Mar 26, 2018 9:14:26 AM airport.AirportLog log
INFO: Passenger checked in craig hamilton
Mar 26, 2018 9:14:26 AM airport.AirportLog log
INFO: martin greer boarding flight: AB1234
Mar 26, 2018 9:14:26 AM airport.AirportLog log
INFO: craig hamilton missed flight: LG2212
Mar 26, 2018 9:14:26 AM airport.AirportLog log
INFO: Passenger checked in callum thompson
Mar 26, 2018 9:14:26 AM airport.AirportLog log
INFO: callum thompson boarding flight: AB1234
Mar 26, 2018 9:14:27 AM airport.AirportLog log
INFO: Flight Departing: LG1254
Mar 26, 2018 9:14:31 AM airport.AirportLog log
INFO: Flight Departing: AB1234
