Mar 21, 2018 5:02:38 PM airport.AirportLog log
INFO: Check In Desk 0 opening
Mar 21, 2018 5:02:38 PM airport.AirportLog log
INFO: Check In Desk 1 opening
Mar 21, 2018 5:02:38 PM airport.AirportLog log
INFO: Passenger joined queue ariel mermaid
Mar 21, 2018 5:02:38 PM airport.AirportLog log
INFO: Passenger checked in ariel mermaid
Mar 21, 2018 5:02:38 PM airport.AirportLog log
INFO: Passenger joined queue iron man
Mar 21, 2018 5:02:38 PM airport.AirportLog log
INFO: ariel mermaid boarding flight: LG1254
Mar 21, 2018 5:02:38 PM airport.AirportLog log
INFO: Passenger checked in iron man
Mar 21, 2018 5:02:39 PM airport.AirportLog log
INFO: Passenger joined queue george walker
Mar 21, 2018 5:02:39 PM airport.AirportLog log
INFO: iron man boarding flight: LG1254
Mar 21, 2018 5:02:39 PM airport.AirportLog log
INFO: Passenger joined queue angus cameron
Mar 21, 2018 5:02:39 PM airport.AirportLog log
INFO: Passenger joined queue andy vickers
Mar 21, 2018 5:02:39 PM airport.AirportLog log
INFO: Passenger checked in george walker
Mar 21, 2018 5:02:39 PM airport.AirportLog log
INFO: Flight Departing: LG2212
Mar 21, 2018 5:02:40 PM airport.AirportLog log
INFO: Passenger joined queue andrew patterson
Mar 21, 2018 5:02:40 PM airport.AirportLog log
INFO: george walker missed flight: LG2212
Mar 21, 2018 5:02:40 PM airport.AirportLog log
INFO: Flight Departing: AB1234
Mar 21, 2018 5:02:40 PM airport.AirportLog log
INFO: Passenger checked in angus cameron
Mar 21, 2018 5:02:40 PM airport.AirportLog log
INFO: Passenger joined queue Yola Jones
Mar 21, 2018 5:02:40 PM airport.AirportLog log
INFO: angus cameron boarding flight: LG1254
Mar 21, 2018 5:02:40 PM airport.AirportLog log
INFO: Passenger checked in andy vickers
Mar 21, 2018 5:02:40 PM airport.AirportLog log
INFO: Passenger joined queue rick sanchez
