Mar 20, 2018 2:09:34 PM airport.AirportLog log
INFO: Passenger joined queue callum thompson
Mar 20, 2018 2:09:34 PM airport.AirportLog log
INFO: Passenger checked in callum thompson
Mar 20, 2018 2:09:34 PM airport.AirportLog log
INFO: Passenger joined queue rick sanchez
Mar 20, 2018 2:09:34 PM airport.AirportLog log
INFO: callum thompson boarding flight: AB1234
Mar 20, 2018 2:09:35 PM airport.AirportLog log
INFO: Passenger checked in rick sanchez
Mar 20, 2018 2:09:35 PM airport.AirportLog log
INFO: Passenger joined queue iron man
Mar 20, 2018 2:09:35 PM airport.AirportLog log
INFO: rick sanchez boarding flight: LG1254
Mar 20, 2018 2:09:35 PM airport.AirportLog log
INFO: Passenger checked in iron man
Mar 20, 2018 2:09:35 PM airport.AirportLog log
INFO: Passenger joined queue andrew patterson
Mar 20, 2018 2:09:35 PM airport.AirportLog log
INFO: iron man boarding flight: LG1254
Mar 20, 2018 2:09:35 PM airport.AirportLog log
INFO: Passenger joined queue andy vickers
Mar 20, 2018 2:09:36 PM airport.AirportLog log
INFO: Passenger joined queue martin greer
Mar 20, 2018 2:09:36 PM airport.AirportLog log
INFO: Passenger checked in andrew patterson
Mar 20, 2018 2:09:36 PM airport.AirportLog log
INFO: Passenger joined queue george walker
Mar 20, 2018 2:09:36 PM airport.AirportLog log
INFO: andrew patterson boarding flight: LG2212
Mar 20, 2018 2:09:36 PM airport.AirportLog log
INFO: Passenger checked in andy vickers
Mar 20, 2018 2:09:36 PM airport.AirportLog log
INFO: Passenger joined queue craig hamilton
Mar 20, 2018 2:09:36 PM airport.AirportLog log
INFO: andy vickers boarding flight: AB1234
Mar 20, 2018 2:09:37 PM airport.AirportLog log
INFO: Passenger checked in martin greer
Mar 20, 2018 2:09:37 PM airport.AirportLog log
INFO: Passenger joined queue ariel mermaid
Mar 20, 2018 2:09:37 PM airport.AirportLog log
INFO: martin greer boarding flight: AB1234
Mar 20, 2018 2:09:37 PM airport.AirportLog log
INFO: Passenger checked in george walker
Mar 20, 2018 2:09:37 PM airport.AirportLog log
INFO: Passenger joined queue angus cameron
Mar 20, 2018 2:09:37 PM airport.AirportLog log
INFO: george walker boarding flight: LG2212
Mar 20, 2018 2:09:37 PM airport.AirportLog log
INFO: Passenger checked in craig hamilton
Mar 20, 2018 2:09:38 PM airport.AirportLog log
INFO: Passenger joined queue Yola Jones
Mar 20, 2018 2:09:38 PM airport.AirportLog log
INFO: craig hamilton boarding flight: LG2212
Mar 20, 2018 2:09:38 PM airport.AirportLog log
INFO: Passenger checked in ariel mermaid
Mar 20, 2018 2:09:38 PM airport.AirportLog log
INFO: Passenger checked in angus cameron
Mar 20, 2018 2:09:38 PM airport.AirportLog log
INFO: ariel mermaid boarding flight: LG1254
Mar 20, 2018 2:09:38 PM airport.AirportLog log
INFO: Passenger checked in Yola Jones
Mar 20, 2018 2:09:38 PM airport.AirportLog log
INFO: angus cameron boarding flight: LG1254
Mar 20, 2018 2:09:38 PM airport.AirportLog log
INFO: Flight Departing: LG2212
Mar 20, 2018 2:09:38 PM airport.AirportLog log
INFO: Yola Jones boarding flight: LG1254
Mar 20, 2018 2:09:39 PM airport.AirportLog log
INFO: Flight Departing: LG1254
Mar 20, 2018 2:09:40 PM airport.AirportLog log
INFO: Flight Departing: AB1234
