Mar 15, 2018 4:39:28 PM airport.AirportLog log
INFO: Passenger joined queue Yola Jones
Mar 15, 2018 4:39:28 PM airport.AirportLog log
INFO: Passenger joined queue craig hamilton
Mar 15, 2018 4:39:29 PM airport.AirportLog log
INFO: Passenger joined queue angus cameron
Mar 15, 2018 4:39:29 PM airport.AirportLog log
INFO: Passenger joined queue george walker
Mar 15, 2018 4:39:30 PM airport.AirportLog log
INFO: Passenger joined queue callum thompson
Mar 15, 2018 4:39:30 PM airport.AirportLog log
INFO: Passenger joined queue iron man
Mar 15, 2018 4:39:31 PM airport.AirportLog log
INFO: Passenger joined queue martin greer
Mar 15, 2018 4:39:31 PM airport.AirportLog log
INFO: Passenger joined queue andrew patterson
Mar 15, 2018 4:39:31 PM airport.AirportLog log
INFO: Passenger joined queue rick sanchez
Mar 15, 2018 4:39:32 PM airport.AirportLog log
INFO: Passenger joined queue ariel mermaid
Mar 15, 2018 4:39:32 PM airport.AirportLog log
INFO: Passenger joined queue andy vickers
